2013-11-12 02:20:11,410 INFO org.apache.hadoop.hdfs.server.namenode.SecondaryNameNode: STARTUP_MSG: 
/************************************************************
STARTUP_MSG: Starting SecondaryNameNode
STARTUP_MSG:   host = master/192.168.1.170
STARTUP_MSG:   args = []
STARTUP_MSG:   version = 1.0.4-SNAPSHOT
STARTUP_MSG:   build =  -r ; compiled by 'hadoop' on Sun Nov  3 01:15:02 UTC 2013
************************************************************/
2013-11-12 02:20:13,310 INFO org.apache.hadoop.hdfs.server.namenode.SecondaryNameNode: Starting web server as: hadoop
2013-11-12 02:20:13,402 INFO org.mortbay.log: Logging to org.slf4j.impl.Log4jLoggerAdapter(org.mortbay.log) via org.mortbay.log.Slf4jLog
2013-11-12 02:20:13,471 INFO org.apache.hadoop.http.HttpServer: Added global filtersafety (class=org.apache.hadoop.http.HttpServer$QuotingInputFilter)
2013-11-12 02:20:13,474 INFO org.apache.hadoop.http.HttpServer: Port returned by webServer.getConnectors()[0].getLocalPort() before open() is -1. Opening the listener on 50090
2013-11-12 02:20:13,475 INFO org.apache.hadoop.http.HttpServer: listener.getLocalPort() returned 50090 webServer.getConnectors()[0].getLocalPort() returned 50090
2013-11-12 02:20:13,475 INFO org.apache.hadoop.http.HttpServer: Jetty bound to port 50090
2013-11-12 02:20:13,475 INFO org.mortbay.log: jetty-6.1.26
2013-11-12 02:20:14,180 INFO org.mortbay.log: Started SelectChannelConnector@0.0.0.0:50090
2013-11-12 02:20:14,180 INFO org.apache.hadoop.hdfs.server.namenode.SecondaryNameNode: Web server init done
2013-11-12 02:20:14,180 INFO org.apache.hadoop.hdfs.server.namenode.SecondaryNameNode: Secondary Web-server up at: 0.0.0.0:50090
2013-11-12 02:20:14,180 INFO org.apache.hadoop.hdfs.server.namenode.SecondaryNameNode: Secondary image servlet up at: 0.0.0.0:50090
2013-11-12 02:20:14,180 WARN org.apache.hadoop.hdfs.server.namenode.SecondaryNameNode: Checkpoint Period   :3600 secs (60 min)
2013-11-12 02:20:14,180 WARN org.apache.hadoop.hdfs.server.namenode.SecondaryNameNode: Log Size Trigger    :67108864 bytes (65536 KB)
2013-11-12 02:23:52,456 INFO org.apache.hadoop.hdfs.server.namenode.SecondaryNameNode: SHUTDOWN_MSG: 
/************************************************************
SHUTDOWN_MSG: Shutting down SecondaryNameNode at master/192.168.1.170
************************************************************/
2013-11-12 03:31:27,492 INFO org.apache.hadoop.hdfs.server.namenode.SecondaryNameNode: STARTUP_MSG: 
/************************************************************
STARTUP_MSG: Starting SecondaryNameNode
STARTUP_MSG:   host = master/192.168.1.170
STARTUP_MSG:   args = []
STARTUP_MSG:   version = 1.0.4-SNAPSHOT
STARTUP_MSG:   build =  -r ; compiled by 'hadoop' on Tue Nov 12 03:23:05 UTC 2013
************************************************************/
2013-11-12 03:31:29,265 INFO org.apache.hadoop.ipc.Client: Retrying connect to server: master/192.168.1.170:9000. Already tried 0 time(s).
2013-11-12 03:31:29,706 INFO org.apache.hadoop.hdfs.server.namenode.SecondaryNameNode: Starting web server as: hadoop
2013-11-12 03:31:29,813 INFO org.mortbay.log: Logging to org.slf4j.impl.Log4jLoggerAdapter(org.mortbay.log) via org.mortbay.log.Slf4jLog
2013-11-12 03:31:29,880 INFO org.apache.hadoop.http.HttpServer: Added global filtersafety (class=org.apache.hadoop.http.HttpServer$QuotingInputFilter)
2013-11-12 03:31:29,883 INFO org.apache.hadoop.http.HttpServer: Port returned by webServer.getConnectors()[0].getLocalPort() before open() is -1. Opening the listener on 50090
2013-11-12 03:31:29,884 INFO org.apache.hadoop.http.HttpServer: listener.getLocalPort() returned 50090 webServer.getConnectors()[0].getLocalPort() returned 50090
2013-11-12 03:31:29,884 INFO org.apache.hadoop.http.HttpServer: Jetty bound to port 50090
2013-11-12 03:31:29,884 INFO org.mortbay.log: jetty-6.1.26
2013-11-12 03:31:30,563 INFO org.mortbay.log: Started SelectChannelConnector@0.0.0.0:50090
2013-11-12 03:31:30,563 INFO org.apache.hadoop.hdfs.server.namenode.SecondaryNameNode: Web server init done
2013-11-12 03:31:30,563 INFO org.apache.hadoop.hdfs.server.namenode.SecondaryNameNode: Secondary Web-server up at: 0.0.0.0:50090
2013-11-12 03:31:30,563 INFO org.apache.hadoop.hdfs.server.namenode.SecondaryNameNode: Secondary image servlet up at: 0.0.0.0:50090
2013-11-12 03:31:30,563 WARN org.apache.hadoop.hdfs.server.namenode.SecondaryNameNode: Checkpoint Period   :3600 secs (60 min)
2013-11-12 03:31:30,563 WARN org.apache.hadoop.hdfs.server.namenode.SecondaryNameNode: Log Size Trigger    :67108864 bytes (65536 KB)
2013-11-12 03:36:30,923 INFO org.apache.hadoop.hdfs.server.namenode.SecondaryNameNode: Downloaded file fsimage size 531771 bytes.
2013-11-12 03:36:30,926 INFO org.apache.hadoop.hdfs.server.namenode.SecondaryNameNode: Downloaded file edits size 70016 bytes.
2013-11-12 03:36:30,928 INFO org.apache.hadoop.hdfs.util.GSet: VM type       = 64-bit
2013-11-12 03:36:30,928 INFO org.apache.hadoop.hdfs.util.GSet: 2% max memory = 17.77875 MB
2013-11-12 03:36:30,928 INFO org.apache.hadoop.hdfs.util.GSet: capacity      = 2^21 = 2097152 entries
2013-11-12 03:36:30,928 INFO org.apache.hadoop.hdfs.util.GSet: recommended=2097152, actual=2097152
2013-11-12 03:36:30,935 INFO org.apache.hadoop.hdfs.server.namenode.FSNamesystem: fsOwner=hadoop
2013-11-12 03:36:30,935 INFO org.apache.hadoop.hdfs.server.namenode.FSNamesystem: supergroup=supergroup
2013-11-12 03:36:30,935 INFO org.apache.hadoop.hdfs.server.namenode.FSNamesystem: isPermissionEnabled=true
2013-11-12 03:36:30,938 INFO org.apache.hadoop.hdfs.server.namenode.FSNamesystem: dfs.block.invalidate.limit=100
2013-11-12 03:36:30,938 INFO org.apache.hadoop.hdfs.server.namenode.FSNamesystem: isAccessTokenEnabled=false accessKeyUpdateInterval=0 min(s), accessTokenLifetime=0 min(s)
2013-11-12 03:36:30,944 INFO org.apache.hadoop.hdfs.server.namenode.NameNode: Caching file names occuring more than 10 times 
2013-11-12 03:36:31,115 INFO org.apache.hadoop.hdfs.server.common.Storage: Number of files = 3408
2013-11-12 03:36:31,380 INFO org.apache.hadoop.hdfs.server.common.Storage: Number of files under construction = 0
2013-11-12 03:36:31,425 INFO org.apache.hadoop.hdfs.server.common.Storage: Edits file /home/hadoop/hdfs/tmp/hadoop-hadoop/dfs/namesecondary/current/edits of size 70016 edits # 526 loaded in 0 seconds.
2013-11-12 03:36:31,431 INFO org.apache.hadoop.hdfs.server.namenode.FSNamesystem: Number of transactions: 0 Total time for transactions(ms): 0Number of transactions batched in Syncs: 0 Number of syncs: 0 SyncTimes(ms): 0 
2013-11-12 03:36:31,696 INFO org.apache.hadoop.hdfs.server.common.Storage: Image file of size 545689 saved in 0 seconds.
2013-11-12 03:36:32,424 INFO org.apache.hadoop.hdfs.server.common.Storage: Image file of size 545689 saved in 0 seconds.
2013-11-12 03:36:32,876 INFO org.apache.hadoop.hdfs.server.namenode.SecondaryNameNode: Posted URL 0.0.0.0:50070putimage=1&port=50090&machine=0.0.0.0&token=-32:221363411:0:1384227390000:1384227087081
2013-11-12 03:36:33,464 INFO org.apache.hadoop.hdfs.server.namenode.SecondaryNameNode: Checkpoint done. New Image Size: 545689
